[2021-12-09 21:35:46,057]: INFO C:\Testing\BDD\features\steps\utils\Librabobus\Controllers\UserController.py func: create_user "Users was created"
[2021-12-09 21:35:46,060]: WARNING C:\Testing\BDD\features\steps\utils\Librabobus\Repositories\UserRepository.py func: create "User wasn't created"
[2021-12-09 21:35:46,060]: INFO C:\Testing\BDD\features\steps\utils\Librabobus\Services\UserService.py func: create_user "User was created"
[2021-12-09 21:35:46,060]: WARNING C:\Testing\BDD\features\steps\utils\Librabobus\Services\UserService.py func: create_user "User wasn't created"
[2021-12-09 21:36:07,658]: INFO C:\Testing\BDD\features\steps\utils\Librabobus\Controllers\UserController.py func: create_user "Users was created"
[2021-12-09 21:36:07,705]: INFO C:\Testing\BDD\features\steps\utils\Librabobus\Repositories\UserRepository.py func: create "User was created"
[2021-12-09 21:36:07,705]: INFO C:\Testing\BDD\features\steps\utils\Librabobus\Services\UserService.py func: create_user "User was created"
[2021-12-09 21:36:49,529]: INFO C:\Testing\BDD\features\steps\utils\Librabobus\Controllers\UserController.py func: create_user "Users was created"
[2021-12-09 21:36:49,577]: INFO C:\Testing\BDD\features\steps\utils\Librabobus\Repositories\UserRepository.py func: create "User was created"
[2021-12-09 21:36:49,578]: INFO C:\Testing\BDD\features\steps\utils\Librabobus\Services\UserService.py func: create_user "User was created"
[2021-12-09 21:37:25,210]: INFO C:\Testing\BDD\features\steps\utils\Librabobus\Controllers\UserController.py func: create_user "Users was created"
[2021-12-09 21:37:25,245]: INFO C:\Testing\BDD\features\steps\utils\Librabobus\Repositories\UserRepository.py func: create "User was created"
[2021-12-09 21:37:25,247]: INFO C:\Testing\BDD\features\steps\utils\Librabobus\Services\UserService.py func: create_user "User was created"
[2021-12-09 21:38:25,819]: INFO C:\Testing\BDD\features\steps\utils\Librabobus\Controllers\UserController.py func: create_user "Users was created"
[2021-12-09 21:38:25,873]: INFO C:\Testing\BDD\features\steps\utils\Librabobus\Repositories\UserRepository.py func: create "User was created"
[2021-12-09 21:38:25,873]: INFO C:\Testing\BDD\features\steps\utils\Librabobus\Services\UserService.py func: create_user "User was created"
[2021-12-09 21:38:25,893]: INFO C:\Testing\BDD\features\steps\utils\Librabobus\Controllers\UserController.py func: create_user "Users was created"
[2021-12-09 21:38:25,913]: INFO C:\Testing\BDD\features\steps\utils\Librabobus\Repositories\UserRepository.py func: create "User was created"
[2021-12-09 21:38:25,914]: INFO C:\Testing\BDD\features\steps\utils\Librabobus\Services\UserService.py func: create_user "User was created"
[2021-12-09 21:39:17,374]: INFO C:\Testing\BDD\features\steps\utils\Librabobus\Controllers\UserController.py func: create_user "Users was created"
[2021-12-09 21:39:17,421]: INFO C:\Testing\BDD\features\steps\utils\Librabobus\Repositories\UserRepository.py func: create "User was created"
[2021-12-09 21:39:17,422]: INFO C:\Testing\BDD\features\steps\utils\Librabobus\Services\UserService.py func: create_user "User was created"
[2021-12-09 21:39:17,435]: INFO C:\Testing\BDD\features\steps\utils\Librabobus\Controllers\UserController.py func: create_user "Users was created"
[2021-12-09 21:39:17,453]: INFO C:\Testing\BDD\features\steps\utils\Librabobus\Repositories\UserRepository.py func: create "User was created"
[2021-12-09 21:39:17,453]: INFO C:\Testing\BDD\features\steps\utils\Librabobus\Services\UserService.py func: create_user "User was created"
[2021-12-09 21:39:37,481]: INFO C:\Testing\BDD\features\steps\utils\Librabobus\Controllers\UserController.py func: create_user "Users was created"
[2021-12-09 21:39:37,517]: INFO C:\Testing\BDD\features\steps\utils\Librabobus\Repositories\UserRepository.py func: create "User was created"
[2021-12-09 21:39:37,517]: INFO C:\Testing\BDD\features\steps\utils\Librabobus\Services\UserService.py func: create_user "User was created"
[2021-12-09 21:39:37,535]: INFO C:\Testing\BDD\features\steps\utils\Librabobus\Controllers\UserController.py func: create_user "Users was created"
[2021-12-09 21:39:37,565]: INFO C:\Testing\BDD\features\steps\utils\Librabobus\Repositories\UserRepository.py func: create "User was created"
[2021-12-09 21:39:37,565]: INFO C:\Testing\BDD\features\steps\utils\Librabobus\Services\UserService.py func: create_user "User was created"
[2021-12-09 21:39:51,975]: INFO C:\Testing\BDD\features\steps\utils\Librabobus\Controllers\UserController.py func: create_user "Users was created"
[2021-12-09 21:39:52,028]: INFO C:\Testing\BDD\features\steps\utils\Librabobus\Repositories\UserRepository.py func: create "User was created"
[2021-12-09 21:39:52,028]: INFO C:\Testing\BDD\features\steps\utils\Librabobus\Services\UserService.py func: create_user "User was created"
[2021-12-09 21:39:52,038]: INFO C:\Testing\BDD\features\steps\utils\Librabobus\Controllers\UserController.py func: create_user "Users was created"
[2021-12-09 21:39:52,056]: INFO C:\Testing\BDD\features\steps\utils\Librabobus\Repositories\UserRepository.py func: create "User was created"
[2021-12-09 21:39:52,056]: INFO C:\Testing\BDD\features\steps\utils\Librabobus\Services\UserService.py func: create_user "User was created"
[2021-12-09 21:40:16,775]: INFO C:\Testing\BDD\features\steps\utils\Librabobus\Controllers\UserController.py func: create_user "Users was created"
[2021-12-09 21:40:16,869]: INFO C:\Testing\BDD\features\steps\utils\Librabobus\Repositories\UserRepository.py func: create "User was created"
[2021-12-09 21:40:16,869]: INFO C:\Testing\BDD\features\steps\utils\Librabobus\Services\UserService.py func: create_user "User was created"
[2021-12-09 21:40:16,942]: INFO C:\Testing\BDD\features\steps\utils\Librabobus\Controllers\UserController.py func: create_user "Users was created"
[2021-12-09 21:40:17,062]: INFO C:\Testing\BDD\features\steps\utils\Librabobus\Repositories\UserRepository.py func: create "User was created"
[2021-12-09 21:40:17,062]: INFO C:\Testing\BDD\features\steps\utils\Librabobus\Services\UserService.py func: create_user "User was created"
[2021-12-09 21:41:00,823]: INFO C:\Testing\BDD\features\steps\utils\Librabobus\Controllers\UserController.py func: create_user "Users was created"
[2021-12-09 21:41:00,857]: INFO C:\Testing\BDD\features\steps\utils\Librabobus\Repositories\UserRepository.py func: create "User was created"
[2021-12-09 21:41:00,857]: INFO C:\Testing\BDD\features\steps\utils\Librabobus\Services\UserService.py func: create_user "User was created"
[2021-12-09 21:41:00,867]: INFO C:\Testing\BDD\features\steps\utils\Librabobus\Controllers\UserController.py func: create_user "Users was created"
[2021-12-09 21:41:00,882]: INFO C:\Testing\BDD\features\steps\utils\Librabobus\Repositories\UserRepository.py func: create "User was created"
[2021-12-09 21:41:00,883]: INFO C:\Testing\BDD\features\steps\utils\Librabobus\Services\UserService.py func: create_user "User was created"
[2021-12-09 21:41:30,011]: INFO C:\Testing\BDD\features\steps\utils\Librabobus\Controllers\UserController.py func: create_user "Users was created"
[2021-12-09 21:41:30,051]: INFO C:\Testing\BDD\features\steps\utils\Librabobus\Repositories\UserRepository.py func: create "User was created"
[2021-12-09 21:41:30,051]: INFO C:\Testing\BDD\features\steps\utils\Librabobus\Services\UserService.py func: create_user "User was created"
[2021-12-09 21:41:30,064]: INFO C:\Testing\BDD\features\steps\utils\Librabobus\Controllers\UserController.py func: create_user "Users was created"
[2021-12-09 21:41:30,084]: INFO C:\Testing\BDD\features\steps\utils\Librabobus\Repositories\UserRepository.py func: create "User was created"
[2021-12-09 21:41:30,084]: INFO C:\Testing\BDD\features\steps\utils\Librabobus\Services\UserService.py func: create_user "User was created"
[2021-12-09 21:42:46,410]: INFO C:\Testing\BDD\features\steps\utils\Librabobus\Controllers\UserController.py func: create_user "Users was created"
[2021-12-09 21:42:46,449]: INFO C:\Testing\BDD\features\steps\utils\Librabobus\Repositories\UserRepository.py func: create "User was created"
[2021-12-09 21:42:46,450]: INFO C:\Testing\BDD\features\steps\utils\Librabobus\Services\UserService.py func: create_user "User was created"
[2021-12-09 21:42:46,462]: INFO C:\Testing\BDD\features\steps\utils\Librabobus\Controllers\UserController.py func: create_user "Users was created"
[2021-12-09 21:42:46,477]: INFO C:\Testing\BDD\features\steps\utils\Librabobus\Repositories\UserRepository.py func: create "User was created"
[2021-12-09 21:42:46,477]: INFO C:\Testing\BDD\features\steps\utils\Librabobus\Services\UserService.py func: create_user "User was created"
[2021-12-09 21:44:42,915]: INFO C:\Testing\BDD\features\steps\utils\Librabobus\Controllers\UserController.py func: create_user "Users was created"
[2021-12-09 21:44:42,967]: INFO C:\Testing\BDD\features\steps\utils\Librabobus\Repositories\UserRepository.py func: create "User was created"
[2021-12-09 21:44:42,968]: INFO C:\Testing\BDD\features\steps\utils\Librabobus\Services\UserService.py func: create_user "User was created"
[2021-12-09 21:44:42,985]: INFO C:\Testing\BDD\features\steps\utils\Librabobus\Controllers\UserController.py func: create_user "Users was created"
[2021-12-09 21:44:43,033]: INFO C:\Testing\BDD\features\steps\utils\Librabobus\Repositories\UserRepository.py func: create "User was created"
[2021-12-09 21:44:43,033]: INFO C:\Testing\BDD\features\steps\utils\Librabobus\Services\UserService.py func: create_user "User was created"
[2021-12-09 21:44:58,124]: INFO C:\Testing\BDD\features\steps\utils\Librabobus\Controllers\UserController.py func: create_user "Users was created"
[2021-12-09 21:44:58,148]: INFO C:\Testing\BDD\features\steps\utils\Librabobus\Repositories\UserRepository.py func: create "User was created"
[2021-12-09 21:44:58,148]: INFO C:\Testing\BDD\features\steps\utils\Librabobus\Services\UserService.py func: create_user "User was created"
[2021-12-09 21:44:58,164]: INFO C:\Testing\BDD\features\steps\utils\Librabobus\Controllers\UserController.py func: create_user "Users was created"
[2021-12-09 21:44:58,188]: INFO C:\Testing\BDD\features\steps\utils\Librabobus\Repositories\UserRepository.py func: create "User was created"
[2021-12-09 21:44:58,189]: INFO C:\Testing\BDD\features\steps\utils\Librabobus\Services\UserService.py func: create_user "User was created"
[2021-12-09 21:47:26,683]: INFO C:\Testing\BDD\features\steps\utils\Librabobus\Controllers\UserController.py func: create_user "Users was created"
[2021-12-09 21:47:26,733]: INFO C:\Testing\BDD\features\steps\utils\Librabobus\Repositories\UserRepository.py func: create "User was created"
[2021-12-09 21:47:26,734]: INFO C:\Testing\BDD\features\steps\utils\Librabobus\Services\UserService.py func: create_user "User was created"
[2021-12-09 21:47:26,741]: INFO C:\Testing\BDD\features\steps\utils\Librabobus\Controllers\UserController.py func: create_user "Users was created"
[2021-12-09 21:47:26,764]: INFO C:\Testing\BDD\features\steps\utils\Librabobus\Repositories\UserRepository.py func: create "User was created"
[2021-12-09 21:47:26,765]: INFO C:\Testing\BDD\features\steps\utils\Librabobus\Services\UserService.py func: create_user "User was created"
[2021-12-09 21:51:04,667]: INFO C:\Testing\BDD\features\steps\utils\Librabobus\Controllers\UserController.py func: create_user "Users was created"
[2021-12-09 21:51:04,732]: INFO C:\Testing\BDD\features\steps\utils\Librabobus\Repositories\UserRepository.py func: create "User was created"
[2021-12-09 21:51:04,732]: INFO C:\Testing\BDD\features\steps\utils\Librabobus\Services\UserService.py func: create_user "User was created"
[2021-12-09 21:51:04,741]: INFO C:\Testing\BDD\features\steps\utils\Librabobus\Controllers\UserController.py func: create_user "Users was created"
[2021-12-09 21:51:04,774]: INFO C:\Testing\BDD\features\steps\utils\Librabobus\Repositories\UserRepository.py func: create "User was created"
[2021-12-09 21:51:04,775]: INFO C:\Testing\BDD\features\steps\utils\Librabobus\Services\UserService.py func: create_user "User was created"
[2021-12-09 22:01:18,897]: INFO C:\Testing\BDD\features\steps\utils\Librabobus\Controllers\UserController.py func: create_user "Users was created"
[2021-12-09 22:01:18,940]: INFO C:\Testing\BDD\features\steps\utils\Librabobus\Repositories\UserRepository.py func: create "User was created"
[2021-12-09 22:01:18,941]: INFO C:\Testing\BDD\features\steps\utils\Librabobus\Services\UserService.py func: create_user "User was created"
[2021-12-09 22:01:18,961]: INFO C:\Testing\BDD\features\steps\utils\Librabobus\Controllers\UserController.py func: create_user "Users was created"
[2021-12-09 22:01:18,999]: INFO C:\Testing\BDD\features\steps\utils\Librabobus\Repositories\UserRepository.py func: create "User was created"
[2021-12-09 22:01:18,999]: INFO C:\Testing\BDD\features\steps\utils\Librabobus\Services\UserService.py func: create_user "User was created"
[2021-12-09 22:02:50,161]: INFO C:\Testing\BDD\features\steps\utils\Librabobus\Controllers\UserController.py func: create_user "Users was created"
[2021-12-09 22:02:50,199]: INFO C:\Testing\BDD\features\steps\utils\Librabobus\Repositories\UserRepository.py func: create "User was created"
[2021-12-09 22:02:50,200]: INFO C:\Testing\BDD\features\steps\utils\Librabobus\Services\UserService.py func: create_user "User was created"
[2021-12-09 22:02:50,206]: INFO C:\Testing\BDD\features\steps\utils\Librabobus\Controllers\UserController.py func: create_user "Users was created"
[2021-12-09 22:02:50,222]: INFO C:\Testing\BDD\features\steps\utils\Librabobus\Repositories\UserRepository.py func: create "User was created"
[2021-12-09 22:02:50,222]: INFO C:\Testing\BDD\features\steps\utils\Librabobus\Services\UserService.py func: create_user "User was created"
[2021-12-09 22:02:50,231]: INFO C:\Testing\BDD\features\steps\utils\Librabobus\Controllers\SubjectController.py func: create_subject "Subject was created"
[2021-12-09 22:02:50,243]: INFO C:\Testing\BDD\features\steps\utils\Librabobus\Repositories\SubjectRepository.py func: create "Subject was created"
[2021-12-09 22:02:50,247]: INFO C:\Testing\BDD\features\steps\utils\Librabobus\Services\SubjectService.py func: create_subject "Subject was created"
[2021-12-09 22:02:50,260]: INFO C:\Testing\BDD\features\steps\utils\Librabobus\Controllers\SubjectController.py func: create_subject "Subject was created"
[2021-12-09 22:02:50,275]: INFO C:\Testing\BDD\features\steps\utils\Librabobus\Repositories\SubjectRepository.py func: create "Subject was created"
[2021-12-09 22:02:50,276]: INFO C:\Testing\BDD\features\steps\utils\Librabobus\Services\SubjectService.py func: create_subject "Subject was created"
[2021-12-09 22:04:58,060]: INFO C:\Testing\BDD\features\steps\utils\Librabobus\Controllers\UserController.py func: create_user "Users was created"
[2021-12-09 22:04:58,082]: INFO C:\Testing\BDD\features\steps\utils\Librabobus\Repositories\UserRepository.py func: create "User was created"
[2021-12-09 22:04:58,083]: INFO C:\Testing\BDD\features\steps\utils\Librabobus\Services\UserService.py func: create_user "User was created"
[2021-12-09 22:04:58,090]: INFO C:\Testing\BDD\features\steps\utils\Librabobus\Controllers\UserController.py func: create_user "Users was created"
[2021-12-09 22:04:58,107]: INFO C:\Testing\BDD\features\steps\utils\Librabobus\Repositories\UserRepository.py func: create "User was created"
[2021-12-09 22:04:58,107]: INFO C:\Testing\BDD\features\steps\utils\Librabobus\Services\UserService.py func: create_user "User was created"
[2021-12-09 22:04:58,122]: INFO C:\Testing\BDD\features\steps\utils\Librabobus\Controllers\SubjectController.py func: create_subject "Subject was created"
[2021-12-09 22:04:58,138]: INFO C:\Testing\BDD\features\steps\utils\Librabobus\Repositories\SubjectRepository.py func: create "Subject was created"
[2021-12-09 22:04:58,140]: INFO C:\Testing\BDD\features\steps\utils\Librabobus\Services\SubjectService.py func: create_subject "Subject was created"
[2021-12-09 22:04:58,156]: INFO C:\Testing\BDD\features\steps\utils\Librabobus\Controllers\SubjectController.py func: create_subject "Subject was created"
[2021-12-09 22:04:58,172]: INFO C:\Testing\BDD\features\steps\utils\Librabobus\Repositories\SubjectRepository.py func: create "Subject was created"
[2021-12-09 22:04:58,173]: INFO C:\Testing\BDD\features\steps\utils\Librabobus\Services\SubjectService.py func: create_subject "Subject was created"
[2021-12-09 22:05:35,677]: INFO C:\Testing\BDD\features\steps\utils\Librabobus\Controllers\UserController.py func: create_user "Users was created"
[2021-12-09 22:05:35,719]: INFO C:\Testing\BDD\features\steps\utils\Librabobus\Repositories\UserRepository.py func: create "User was created"
[2021-12-09 22:05:35,719]: INFO C:\Testing\BDD\features\steps\utils\Librabobus\Services\UserService.py func: create_user "User was created"
[2021-12-09 22:05:35,729]: INFO C:\Testing\BDD\features\steps\utils\Librabobus\Controllers\UserController.py func: create_user "Users was created"
[2021-12-09 22:05:35,760]: INFO C:\Testing\BDD\features\steps\utils\Librabobus\Repositories\UserRepository.py func: create "User was created"
[2021-12-09 22:05:35,760]: INFO C:\Testing\BDD\features\steps\utils\Librabobus\Services\UserService.py func: create_user "User was created"
[2021-12-09 22:05:35,769]: INFO C:\Testing\BDD\features\steps\utils\Librabobus\Controllers\SubjectController.py func: create_subject "Subject was created"
[2021-12-09 22:05:35,792]: INFO C:\Testing\BDD\features\steps\utils\Librabobus\Repositories\SubjectRepository.py func: create "Subject was created"
[2021-12-09 22:05:35,794]: INFO C:\Testing\BDD\features\steps\utils\Librabobus\Services\SubjectService.py func: create_subject "Subject was created"
[2021-12-09 22:05:35,805]: INFO C:\Testing\BDD\features\steps\utils\Librabobus\Controllers\SubjectController.py func: create_subject "Subject was created"
[2021-12-09 22:05:35,822]: INFO C:\Testing\BDD\features\steps\utils\Librabobus\Repositories\SubjectRepository.py func: create "Subject was created"
[2021-12-09 22:05:35,824]: INFO C:\Testing\BDD\features\steps\utils\Librabobus\Services\SubjectService.py func: create_subject "Subject was created"
[2021-12-09 22:06:13,804]: INFO C:\Testing\BDD\features\steps\utils\Librabobus\Controllers\UserController.py func: create_user "Users was created"
[2021-12-09 22:06:13,831]: INFO C:\Testing\BDD\features\steps\utils\Librabobus\Repositories\UserRepository.py func: create "User was created"
[2021-12-09 22:06:13,831]: INFO C:\Testing\BDD\features\steps\utils\Librabobus\Services\UserService.py func: create_user "User was created"
[2021-12-09 22:06:13,838]: INFO C:\Testing\BDD\features\steps\utils\Librabobus\Controllers\UserController.py func: create_user "Users was created"
[2021-12-09 22:06:13,860]: INFO C:\Testing\BDD\features\steps\utils\Librabobus\Repositories\UserRepository.py func: create "User was created"
[2021-12-09 22:06:13,861]: INFO C:\Testing\BDD\features\steps\utils\Librabobus\Services\UserService.py func: create_user "User was created"
[2021-12-09 22:06:13,874]: INFO C:\Testing\BDD\features\steps\utils\Librabobus\Controllers\SubjectController.py func: create_subject "Subject was created"
[2021-12-09 22:06:13,901]: INFO C:\Testing\BDD\features\steps\utils\Librabobus\Repositories\SubjectRepository.py func: create "Subject was created"
[2021-12-09 22:06:13,902]: INFO C:\Testing\BDD\features\steps\utils\Librabobus\Services\SubjectService.py func: create_subject "Subject was created"
[2021-12-09 22:06:13,937]: INFO C:\Testing\BDD\features\steps\utils\Librabobus\Controllers\SubjectController.py func: create_subject "Subject was created"
[2021-12-09 22:06:13,960]: INFO C:\Testing\BDD\features\steps\utils\Librabobus\Repositories\SubjectRepository.py func: create "Subject was created"
[2021-12-09 22:06:13,962]: INFO C:\Testing\BDD\features\steps\utils\Librabobus\Services\SubjectService.py func: create_subject "Subject was created"
[2021-12-09 22:06:29,752]: INFO C:\Testing\BDD\features\steps\utils\Librabobus\Controllers\UserController.py func: create_user "Users was created"
[2021-12-09 22:06:29,801]: INFO C:\Testing\BDD\features\steps\utils\Librabobus\Repositories\UserRepository.py func: create "User was created"
[2021-12-09 22:06:29,802]: INFO C:\Testing\BDD\features\steps\utils\Librabobus\Services\UserService.py func: create_user "User was created"
[2021-12-09 22:06:29,809]: INFO C:\Testing\BDD\features\steps\utils\Librabobus\Controllers\UserController.py func: create_user "Users was created"
[2021-12-09 22:06:29,866]: INFO C:\Testing\BDD\features\steps\utils\Librabobus\Repositories\UserRepository.py func: create "User was created"
[2021-12-09 22:06:29,867]: INFO C:\Testing\BDD\features\steps\utils\Librabobus\Services\UserService.py func: create_user "User was created"
[2021-12-09 22:06:29,877]: INFO C:\Testing\BDD\features\steps\utils\Librabobus\Controllers\SubjectController.py func: create_subject "Subject was created"
[2021-12-09 22:06:29,904]: INFO C:\Testing\BDD\features\steps\utils\Librabobus\Repositories\SubjectRepository.py func: create "Subject was created"
[2021-12-09 22:06:29,906]: INFO C:\Testing\BDD\features\steps\utils\Librabobus\Services\SubjectService.py func: create_subject "Subject was created"
[2021-12-09 22:06:29,922]: INFO C:\Testing\BDD\features\steps\utils\Librabobus\Controllers\SubjectController.py func: create_subject "Subject was created"
[2021-12-09 22:06:29,942]: INFO C:\Testing\BDD\features\steps\utils\Librabobus\Repositories\SubjectRepository.py func: create "Subject was created"
[2021-12-09 22:06:29,946]: INFO C:\Testing\BDD\features\steps\utils\Librabobus\Services\SubjectService.py func: create_subject "Subject was created"
[2021-12-09 22:06:45,900]: INFO C:\Testing\BDD\features\steps\utils\Librabobus\Controllers\UserController.py func: create_user "Users was created"
[2021-12-09 22:06:45,919]: INFO C:\Testing\BDD\features\steps\utils\Librabobus\Repositories\UserRepository.py func: create "User was created"
[2021-12-09 22:06:45,920]: INFO C:\Testing\BDD\features\steps\utils\Librabobus\Services\UserService.py func: create_user "User was created"
[2021-12-09 22:06:45,929]: INFO C:\Testing\BDD\features\steps\utils\Librabobus\Controllers\UserController.py func: create_user "Users was created"
[2021-12-09 22:06:45,942]: INFO C:\Testing\BDD\features\steps\utils\Librabobus\Repositories\UserRepository.py func: create "User was created"
[2021-12-09 22:06:45,942]: INFO C:\Testing\BDD\features\steps\utils\Librabobus\Services\UserService.py func: create_user "User was created"
[2021-12-09 22:06:45,957]: INFO C:\Testing\BDD\features\steps\utils\Librabobus\Controllers\SubjectController.py func: create_subject "Subject was created"
[2021-12-09 22:06:45,971]: INFO C:\Testing\BDD\features\steps\utils\Librabobus\Repositories\SubjectRepository.py func: create "Subject was created"
[2021-12-09 22:06:45,973]: INFO C:\Testing\BDD\features\steps\utils\Librabobus\Services\SubjectService.py func: create_subject "Subject was created"
[2021-12-09 22:06:45,998]: INFO C:\Testing\BDD\features\steps\utils\Librabobus\Controllers\SubjectController.py func: create_subject "Subject was created"
[2021-12-09 22:06:46,017]: INFO C:\Testing\BDD\features\steps\utils\Librabobus\Repositories\SubjectRepository.py func: create "Subject was created"
[2021-12-09 22:06:46,019]: INFO C:\Testing\BDD\features\steps\utils\Librabobus\Services\SubjectService.py func: create_subject "Subject was created"
[2021-12-09 22:07:20,348]: INFO C:\Testing\BDD\features\steps\utils\Librabobus\Controllers\UserController.py func: create_user "Users was created"
[2021-12-09 22:07:20,390]: INFO C:\Testing\BDD\features\steps\utils\Librabobus\Repositories\UserRepository.py func: create "User was created"
[2021-12-09 22:07:20,390]: INFO C:\Testing\BDD\features\steps\utils\Librabobus\Services\UserService.py func: create_user "User was created"
[2021-12-09 22:07:20,397]: INFO C:\Testing\BDD\features\steps\utils\Librabobus\Controllers\UserController.py func: create_user "Users was created"
[2021-12-09 22:07:20,410]: INFO C:\Testing\BDD\features\steps\utils\Librabobus\Repositories\UserRepository.py func: create "User was created"
[2021-12-09 22:07:20,410]: INFO C:\Testing\BDD\features\steps\utils\Librabobus\Services\UserService.py func: create_user "User was created"
[2021-12-09 22:07:20,423]: INFO C:\Testing\BDD\features\steps\utils\Librabobus\Controllers\SubjectController.py func: create_subject "Subject was created"
[2021-12-09 22:07:20,438]: INFO C:\Testing\BDD\features\steps\utils\Librabobus\Repositories\SubjectRepository.py func: create "Subject was created"
[2021-12-09 22:07:20,440]: INFO C:\Testing\BDD\features\steps\utils\Librabobus\Services\SubjectService.py func: create_subject "Subject was created"
[2021-12-09 22:07:20,451]: INFO C:\Testing\BDD\features\steps\utils\Librabobus\Controllers\SubjectController.py func: create_subject "Subject was created"
[2021-12-09 22:07:20,464]: INFO C:\Testing\BDD\features\steps\utils\Librabobus\Repositories\SubjectRepository.py func: create "Subject was created"
[2021-12-09 22:07:20,466]: INFO C:\Testing\BDD\features\steps\utils\Librabobus\Services\SubjectService.py func: create_subject "Subject was created"
[2021-12-09 22:07:32,842]: INFO C:\Testing\BDD\features\steps\utils\Librabobus\Controllers\UserController.py func: create_user "Users was created"
[2021-12-09 22:07:32,861]: INFO C:\Testing\BDD\features\steps\utils\Librabobus\Repositories\UserRepository.py func: create "User was created"
[2021-12-09 22:07:32,861]: INFO C:\Testing\BDD\features\steps\utils\Librabobus\Services\UserService.py func: create_user "User was created"
[2021-12-09 22:07:32,867]: INFO C:\Testing\BDD\features\steps\utils\Librabobus\Controllers\UserController.py func: create_user "Users was created"
[2021-12-09 22:07:32,884]: INFO C:\Testing\BDD\features\steps\utils\Librabobus\Repositories\UserRepository.py func: create "User was created"
[2021-12-09 22:07:32,884]: INFO C:\Testing\BDD\features\steps\utils\Librabobus\Services\UserService.py func: create_user "User was created"
[2021-12-09 22:07:32,896]: INFO C:\Testing\BDD\features\steps\utils\Librabobus\Controllers\SubjectController.py func: create_subject "Subject was created"
[2021-12-09 22:07:32,916]: INFO C:\Testing\BDD\features\steps\utils\Librabobus\Repositories\SubjectRepository.py func: create "Subject was created"
[2021-12-09 22:07:32,918]: INFO C:\Testing\BDD\features\steps\utils\Librabobus\Services\SubjectService.py func: create_subject "Subject was created"
[2021-12-09 22:07:32,929]: INFO C:\Testing\BDD\features\steps\utils\Librabobus\Controllers\SubjectController.py func: create_subject "Subject was created"
[2021-12-09 22:07:32,953]: INFO C:\Testing\BDD\features\steps\utils\Librabobus\Repositories\SubjectRepository.py func: create "Subject was created"
[2021-12-09 22:07:32,954]: INFO C:\Testing\BDD\features\steps\utils\Librabobus\Services\SubjectService.py func: create_subject "Subject was created"
